<?xml version="1.0" encoding="UTF-8"?>
<Site BuildName="Win32-mingw32-make"
	BuildStamp="20190718-0959-Experimental"
	Name="DESKTOP-FQIILCK"
	Generator="ctest-3.15.0-rc2"
	CompilerName="C:/Users/Hyunwoong/Desktop/MinGWCompiler/mingw64/bin/x86_64-w64-mingw32-g++.exe"
	CompilerVersion="8.1.0"
	OSName="Windows"
	Hostname="DESKTOP-FQIILCK"
	OSRelease=" Professional"
	OSVersion=" (Build 17763)"
	OSPlatform="AMD64"
	Is64Bits="1"
	VendorString="GenuineIntel"
	VendorID="Intel Corporation"
	FamilyID="6"
	ModelID="14"
	ProcessorCacheSize="-1"
	NumberOfLogicalCPU="4"
	NumberOfPhysicalCPU="4"
	TotalVirtualMemory="18732"
	TotalPhysicalMemory="16300"
	LogicalProcessorsPerPhysical="1"
	ProcessorClockFrequency="3312"
	>
	<Testing>
		<StartDateTime>Jul 18 18:59 Koreanische Normalzeit</StartDateTime>
		<StartTestTime>1563443976</StartTestTime>
		<TestList/>
		<EndDateTime>Jul 18 18:59 Koreanische Normalzeit</EndDateTime>
		<EndTestTime>1563443976</EndTestTime>
		<ElapsedMinutes>0</ElapsedMinutes>
	</Testing>
</Site>
